Start time: Mon Feb 26 06:49:43 2024

              |===========================|
              |      REGENIE v3.3.gz      |
              |===========================|

Copyright (c) 2020-2023 Joelle Mbatchou, Andrey Ziyatdinov and Jonathan Marchini.
Distributed under the MIT License.
Compiled with Boost Iostream library.
Using Intel MKL with Eigen.

Log of output saved in file : mgi_nafld_by_sex_step1_out.log

Options in effect:
  --step 1 \
  --bed /nfs/corenfs/INTMED-Speliotes-data/Projects/MGI/HPI9274/GENODATA/directly_typed/unphased/GRM_for_REGENIE/Freeze6_CoreExome_GSA.xwalk.broad_sharable.for_regenie \
  --covarFile /nfs/corenfs/INTMED-Speliotes-data/Projects/GoldPP_MGI_GWAS/data/Freeze6.xwalk.broad_sharable.covariates.txt.addNA.extract_covs.txt.match_demog.txt.add_NAFLD.ALL_sample.nomiss.regenie \
  --covarColList age,age2,PC1_ALL,PC2_ALL,PC3_ALL,PC4_ALL,PC5_ALL,PC6_ALL,PC7_ALL,PC8_ALL,PC9_ALL,PC10_ALL \
  --phenoFile /nfs/corenfs/INTMED-Speliotes-data/Projects/GoldPP_MGI_GWAS/data/Freeze6.xwalk.broad_sharable.covariates.txt.addNA.extract_covs.txt.match_demog.txt.add_NAFLD.ALL_sample.nomiss.regenie \
  --phenoColList NAFLD_F,NAFLD_M,NAFLD_EUR_F,NAFLD_EUR_M,NAFLD_AFR_F,NAFLD_AFR_M,NAFLD_AMR_F,NAFLD_AMR_M,NAFLD_CSA_F,NAFLD_CSA_M,NAFLD_EAS_F,NAFLD_EAS_M,NAFLD_WAS_F,NAFLD_WAS_M \
  --bsize 2000 \
  --threads 40 \
  --force-step1 \
  --bt \
  --lowmem \
  --out mgi_nafld_by_sex_step1_out

Fitting null model
 * bim              : [/nfs/corenfs/INTMED-Speliotes-data/Projects/MGI/HPI9274/GENODATA/directly_typed/unphased/GRM_for_REGENIE/Freeze6_CoreExome_GSA.xwalk.broad_sharable.for_regenie.bim] n_snps = 111037
 * fam              : [/nfs/corenfs/INTMED-Speliotes-data/Projects/MGI/HPI9274/GENODATA/directly_typed/unphased/GRM_for_REGENIE/Freeze6_CoreExome_GSA.xwalk.broad_sharable.for_regenie.fam] n_samples = 80529
 * bed              : [/nfs/corenfs/INTMED-Speliotes-data/Projects/MGI/HPI9274/GENODATA/directly_typed/unphased/GRM_for_REGENIE/Freeze6_CoreExome_GSA.xwalk.broad_sharable.for_regenie.bed]
 * phenotypes       : [/nfs/corenfs/INTMED-Speliotes-data/Projects/GoldPP_MGI_GWAS/data/Freeze6.xwalk.broad_sharable.covariates.txt.addNA.extract_covs.txt.match_demog.txt.add_NAFLD.ALL_sample.nomiss.regenie] n_pheno = 14
   -number of phenotyped individuals  = 80529
 * covariates       : [/nfs/corenfs/INTMED-Speliotes-data/Projects/GoldPP_MGI_GWAS/data/Freeze6.xwalk.broad_sharable.covariates.txt.addNA.extract_covs.txt.match_demog.txt.add_NAFLD.ALL_sample.nomiss.regenie] n_cov = 12
   -number of individuals with covariate data = 80529
 * number of individuals used in analysis = 80529
 * case-control counts for each trait:
   - 'NAFLD_F': 3014 cases and 40336 controls
   - 'NAFLD_M': 2516 cases and 34663 controls
   - 'NAFLD_EUR_F': 2643 cases and 34627 controls
   - 'NAFLD_EUR_M': 2174 cases and 30145 controls
   - 'NAFLD_AFR_F': 168 cases and 2876 controls
   - 'NAFLD_AFR_M': 92 cases and 1857 controls
   - 'NAFLD_AMR_F': 50 cases and 371 controls
   - 'NAFLD_AMR_M': 39 cases and 262 controls
   - 'NAFLD_CSA_F': 36 cases and 494 controls
   - 'NAFLD_CSA_M': 46 cases and 605 controls
   - 'NAFLD_EAS_F': 59 cases and 1002 controls
   - 'NAFLD_EAS_M': 59 cases and 664 controls
   - 'NAFLD_WAS_F': 58 cases and 966 controls
   - 'NAFLD_WAS_M': 106 cases and 1130 controls
   -fitting null logistic regression on binary phenotypes...done (831ms) 
   -residualizing and scaling phenotypes...done (8ms) 
 * # threads        : [40]
 * block size       : [2000]
 * # blocks         : [66] for 111037 variants
 * # CV folds       : [5]
 * ridge data_l0    : [5 : 0.01 0.25 0.5 0.75 0.99 ]
 * ridge data_l1    : [5 : 0.01 0.25 0.5 0.75 0.99 ]
 * approximate memory usage : 2GB
 * writing level 0 predictions to disk
   -temporary files will have prefix [mgi_nafld_by_sex_step1_out_l0_Y]
   -approximate disk space needed : 3GB
 * setting memory...done

Chromosome 1
 block [1] : 2000 snps  (697ms) 
   -residualizing and scaling genotypes...done (2098ms) 
   -calc working matrices...done (611ms) 
   -calc level 0 ridge...done (8396ms) 
 block [2] : 2000 snps  (449ms) 
   -residualizing and scaling genotypes...done (2020ms) 
   -calc working matrices...done (686ms) 
   -calc level 0 ridge...done (15241ms) 
 block [3] : 2000 snps  (462ms) 
   -residualizing and scaling genotypes...done (1895ms) 
   -calc working matrices...done (1000ms) 
   -calc level 0 ridge...done (13609ms) 
 block [4] : 2000 snps  (379ms) 
   -residualizing and scaling genotypes...done (1995ms) 
   -calc working matrices...done (3175ms) 
   -calc level 0 ridge...done (7182ms) 
 block [5] : 639 snps  (74ms) 
   -residualizing and scaling genotypes...done (483ms) 
   -calc working matrices...done (384ms) 
   -calc level 0 ridge...done (2532ms) 
Chromosome 2
 block [6] : 2000 snps  (461ms) 
   -residualizing and scaling genotypes...done (1874ms) 
   -calc working matrices...done (2744ms) 
   -calc level 0 ridge...done (18051ms) 
 block [7] : 2000 snps  (479ms) 
   -residualizing and scaling genotypes...done (1557ms) 
   -calc working matrices...done (1928ms) 
   -calc level 0 ridge...done (13725ms) 
 block [8] : 2000 snps  (450ms) 
   -residualizing and scaling genotypes...done (1846ms) 
   -calc working matrices...done (20121ms) 
   -calc level 0 ridge...done (13675ms) 
 block [9] : 2000 snps  (496ms) 
   -residualizing and scaling genotypes...done (1781ms) 
   -calc working matrices...done (18586ms) 
   -calc level 0 ridge...done (10868ms) 
 block [10] : 475 snps  (89ms) 
   -residualizing and scaling genotypes...done (538ms) 
   -calc working matrices...done (383ms) 
   -calc level 0 ridge...done (1691ms) 
Chromosome 3
 block [11] : 2000 snps  (426ms) 
   -residualizing and scaling genotypes...done (2095ms) 
   -calc working matrices...done (21573ms) 
   -calc level 0 ridge...done (12010ms) 
 block [12] : 2000 snps  (455ms) 
   -residualizing and scaling genotypes...done (1537ms) 
   -calc working matrices...done (17017ms) 
   -calc level 0 ridge...done (9507ms) 
 block [13] : 2000 snps  (409ms) 
   -residualizing and scaling genotypes...done (1707ms) 
   -calc working matrices...done (16775ms) 
   -calc level 0 ridge...done (14659ms) 
 block [14] : 1155 snps  (180ms) 
   -residualizing and scaling genotypes...done (969ms) 
   -calc working matrices...done (663ms) 
   -calc level 0 ridge...done (3625ms) 
Chromosome 4
 block [15] : 2000 snps  (492ms) 
   -residualizing and scaling genotypes...done (1966ms) 
   -calc working matrices...done (20506ms) 
   -calc level 0 ridge...done (9745ms) 
 block [16] : 2000 snps  (448ms) 
   -residualizing and scaling genotypes...done (1839ms) 
   -calc working matrices...done (1869ms) 
   -calc level 0 ridge...done (12568ms) 
 block [17] : 2000 snps  (381ms) 
   -residualizing and scaling genotypes...done (1880ms) 
   -calc working matrices...done (17893ms) 
   -calc level 0 ridge...done (19251ms) 
 block [18] : 455 snps  (80ms) 
   -residualizing and scaling genotypes...done (501ms) 
   -calc working matrices...done (279ms) 
   -calc level 0 ridge...done (1141ms) 
Chromosome 5
 block [19] : 2000 snps  (425ms) 
   -residualizing and scaling genotypes...done (1603ms) 
   -calc working matrices...done (23447ms) 
   -calc level 0 ridge...done (19828ms) 
 block [20] : 2000 snps  (436ms) 
   -residualizing and scaling genotypes...done (1648ms) 
   -calc working matrices...done (17188ms) 
   -calc level 0 ridge...done (10492ms) 
 block [21] : 2000 snps  (414ms) 
   -residualizing and scaling genotypes...done (1732ms) 
   -calc working matrices...done (17806ms) 
   -calc level 0 ridge...done (11541ms) 
 block [22] : 472 snps  (154ms) 
   -residualizing and scaling genotypes...done (485ms) 
   -calc working matrices...done (401ms) 
   -calc level 0 ridge...done (9824ms) 
Chromosome 6
 block [23] : 2000 snps  (462ms) 
   -residualizing and scaling genotypes...done (1713ms) 
   -calc working matrices...done (5247ms) 
   -calc level 0 ridge...done (9564ms) 
 block [24] : 2000 snps  (458ms) 
   -residualizing and scaling genotypes...done (1598ms) 
   -calc working matrices...done (18038ms) 
   -calc level 0 ridge...done (7659ms) 
 block [25] : 2000 snps  (413ms) 
   -residualizing and scaling genotypes...done (2027ms) 
   -calc working matrices...done (18968ms) 
   -calc level 0 ridge...done (11103ms) 
 block [26] : 2000 snps  (521ms) 
   -residualizing and scaling genotypes...done (1815ms) 
   -calc working matrices...done (14594ms) 
   -calc level 0 ridge...done (9373ms) 
 block [27] : 273 snps  (66ms) 
   -residualizing and scaling genotypes...done (332ms) 
   -calc working matrices...done (137ms) 
   -calc level 0 ridge...done (1045ms) 
Chromosome 7
 block [28] : 2000 snps  (452ms) 
   -residualizing and scaling genotypes...done (1841ms) 
   -calc working matrices...done (11059ms) 
   -calc level 0 ridge...done (8574ms) 
 block [29] : 2000 snps  (384ms) 
   -residualizing and scaling genotypes...done (1951ms) 
   -calc working matrices...done (7336ms) 
   -calc level 0 ridge...done (6145ms) 
 block [30] : 1993 snps  (290ms) 
   -residualizing and scaling genotypes...done (1337ms) 
   -calc working matrices...done (5842ms) 
   -calc level 0 ridge...done (5900ms) 
Chromosome 8
 block [31] : 2000 snps  (411ms) 
   -residualizing and scaling genotypes...done (1591ms) 
   -calc working matrices...done (3745ms) 
   -calc level 0 ridge...done (6555ms) 
 block [32] : 2000 snps  (401ms) 
   -residualizing and scaling genotypes...done (1499ms) 
   -calc working matrices...done (956ms) 
   -calc level 0 ridge...done (7361ms) 
 block [33] : 1560 snps  (322ms) 
   -residualizing and scaling genotypes...done (1225ms) 
   -calc working matrices...done (892ms) 
   -calc level 0 ridge...done (4359ms) 
Chromosome 9
 block [34] : 2000 snps  (308ms) 
   -residualizing and scaling genotypes...done (1448ms) 
   -calc working matrices...done (678ms) 
   -calc level 0 ridge...done (3387ms) 
 block [35] : 2000 snps  (319ms) 
   -residualizing and scaling genotypes...done (1477ms) 
   -calc working matrices...done (1788ms) 
   -calc level 0 ridge...done (3134ms) 
 block [36] : 851 snps  (99ms) 
   -residualizing and scaling genotypes...done (586ms) 
   -calc working matrices...done (187ms) 
   -calc level 0 ridge...done (674ms) 
Chromosome 10
 block [37] : 2000 snps  (316ms) 
   -residualizing and scaling genotypes...done (1430ms) 
   -calc working matrices...done (1439ms) 
   -calc level 0 ridge...done (2908ms) 
 block [38] : 2000 snps  (337ms) 
   -residualizing and scaling genotypes...done (1460ms) 
   -calc working matrices...done (705ms) 
   -calc level 0 ridge...done (2839ms) 
 block [39] : 1453 snps  (167ms) 
   -residualizing and scaling genotypes...done (915ms) 
   -calc working matrices...done (580ms) 
   -calc level 0 ridge...done (1578ms) 
Chromosome 11
 block [40] : 2000 snps  (285ms) 
   -residualizing and scaling genotypes...done (1320ms) 
   -calc working matrices...done (669ms) 
   -calc level 0 ridge...done (3017ms) 
 block [41] : 2000 snps  (314ms) 
   -residualizing and scaling genotypes...done (1406ms) 
   -calc working matrices...done (670ms) 
   -calc level 0 ridge...done (2816ms) 
 block [42] : 1590 snps  (223ms) 
   -residualizing and scaling genotypes...done (1088ms) 
   -calc working matrices...done (673ms) 
   -calc level 0 ridge...done (1724ms) 
Chromosome 12
 block [43] : 2000 snps  (277ms) 
   -residualizing and scaling genotypes...done (1439ms) 
   -calc working matrices...done (665ms) 
   -calc level 0 ridge...done (2717ms) 
 block [44] : 2000 snps  (283ms) 
   -residualizing and scaling genotypes...done (1356ms) 
   -calc working matrices...done (639ms) 
   -calc level 0 ridge...done (2773ms) 
 block [45] : 1423 snps  (166ms) 
   -residualizing and scaling genotypes...done (832ms) 
   -calc working matrices...done (576ms) 
   -calc level 0 ridge...done (1535ms) 
Chromosome 13
 block [46] : 2000 snps  (302ms) 
   -residualizing and scaling genotypes...done (1496ms) 
   -calc working matrices...done (3213ms) 
   -calc level 0 ridge...done (2736ms) 
 block [47] : 2000 snps  (281ms) 
   -residualizing and scaling genotypes...done (1390ms) 
   -calc working matrices...done (697ms) 
   -calc level 0 ridge...done (2862ms) 
 block [48] : 134 snps  (19ms) 
   -residualizing and scaling genotypes...done (87ms) 
   -calc working matrices...done (13ms) 
   -calc level 0 ridge...done (116ms) 
Chromosome 14
 block [49] : 2000 snps  (298ms) 
   -residualizing and scaling genotypes...done (1394ms) 
   -calc working matrices...done (1160ms) 
   -calc level 0 ridge...done (2770ms) 
 block [50] : 1527 snps  (189ms) 
   -residualizing and scaling genotypes...done (968ms) 
   -calc working matrices...done (841ms) 
   -calc level 0 ridge...done (2257ms) 
Chromosome 15
 block [51] : 2000 snps  (386ms) 
   -residualizing and scaling genotypes...done (1820ms) 
   -calc working matrices...done (1002ms) 
   -calc level 0 ridge...done (2974ms) 
 block [52] : 1159 snps  (134ms) 
   -residualizing and scaling genotypes...done (772ms) 
   -calc working matrices...done (390ms) 
   -calc level 0 ridge...done (970ms) 
Chromosome 16
 block [53] : 2000 snps  (285ms) 
   -residualizing and scaling genotypes...done (1367ms) 
   -calc working matrices...done (1095ms) 
   -calc level 0 ridge...done (2828ms) 
 block [54] : 1497 snps  (168ms) 
   -residualizing and scaling genotypes...done (954ms) 
   -calc working matrices...done (724ms) 
   -calc level 0 ridge...done (1587ms) 
Chromosome 17
 block [55] : 2000 snps  (288ms) 
   -residualizing and scaling genotypes...done (1419ms) 
   -calc working matrices...done (640ms) 
   -calc level 0 ridge...done (3038ms) 
 block [56] : 1076 snps  (147ms) 
   -residualizing and scaling genotypes...done (775ms) 
   -calc working matrices...done (407ms) 
   -calc level 0 ridge...done (913ms) 
Chromosome 18
 block [57] : 2000 snps  (314ms) 
   -residualizing and scaling genotypes...done (1535ms) 
   -calc working matrices...done (1307ms) 
   -calc level 0 ridge...done (3362ms) 
 block [58] : 1174 snps  (156ms) 
   -residualizing and scaling genotypes...done (687ms) 
   -calc working matrices...done (401ms) 
   -calc level 0 ridge...done (967ms) 
Chromosome 19
 block [59] : 2000 snps  (289ms) 
   -residualizing and scaling genotypes...done (1455ms) 
   -calc working matrices...done (925ms) 
   -calc level 0 ridge...done (3346ms) 
 block [60] : 582 snps  (77ms) 
   -residualizing and scaling genotypes...done (364ms) 
   -calc working matrices...done (93ms) 
   -calc level 0 ridge...done (325ms) 
Chromosome 20
 block [61] : 2000 snps  (314ms) 
   -residualizing and scaling genotypes...done (1321ms) 
   -calc working matrices...done (679ms) 
   -calc level 0 ridge...done (2681ms) 
 block [62] : 745 snps  (84ms) 
   -residualizing and scaling genotypes...done (453ms) 
   -calc working matrices...done (152ms) 
   -calc level 0 ridge...done (474ms) 
Chromosome 21
 block [63] : 1587 snps  (183ms) 
   -residualizing and scaling genotypes...done (923ms) 
   -calc working matrices...done (745ms) 
   -calc level 0 ridge...done (1734ms) 
Chromosome 22
 block [64] : 1515 snps  (172ms) 
   -residualizing and scaling genotypes...done (991ms) 
   -calc working matrices...done (628ms) 
   -calc level 0 ridge...done (1616ms) 
Chromosome 23
 block [65] : 2000 snps  (288ms) 
   -residualizing and scaling genotypes...done (1322ms) 
   -calc working matrices...done (770ms) 
   -calc level 0 ridge...done (2872ms) 
 block [66] : 1702 snps  (227ms) 
   -residualizing and scaling genotypes...done (1043ms) 
   -calc working matrices...done (774ms) 
   -calc level 0 ridge...done (2139ms) 

 Level 1 ridge with logistic regression...
   -on phenotype 1 (NAFLD_F)...done (7783ms) 
   -on phenotype 2 (NAFLD_M)...done (7845ms) 
   -on phenotype 3 (NAFLD_EUR_F)...done (8049ms) 
   -on phenotype 4 (NAFLD_EUR_M)...done (8493ms) 
   -on phenotype 5 (NAFLD_AFR_F)...done (8512ms) 
   -on phenotype 6 (NAFLD_AFR_M)...done (8431ms) 
   -on phenotype 7 (NAFLD_AMR_F)...done (8818ms) 
   -on phenotype 8 (NAFLD_AMR_M)...done (6583ms) 
   -on phenotype 9 (NAFLD_CSA_F)...done (5846ms) 
   -on phenotype 10 (NAFLD_CSA_M)...done (5853ms) 
   -on phenotype 11 (NAFLD_EAS_F)...done (5876ms) 
   -on phenotype 12 (NAFLD_EAS_M)...done (5766ms) 
   -on phenotype 13 (NAFLD_WAS_F)...done (6350ms) 
   -on phenotype 14 (NAFLD_WAS_M)...done (5635ms) 

Output
------
phenotype 1 (NAFLD_F) : 
  0.01  : Rsq = 0.011519, MSE = 0.0639483, -logLik/N = 0.245948
  0.25  : Rsq = 0.0129043, MSE = 0.0638815, -logLik/N = 0.245412
  0.5   : Rsq = 0.0131896, MSE = 0.063884, -logLik/N = 0.24541<- min value
  0.75  : Rsq = 0.0133852, MSE = 0.063897, -logLik/N = 0.245479
  0.99  : Rsq = 0.0141073, MSE = 0.0639199, -logLik/N = 0.245526
  * making predictions...writing LOCO predictions...done (1148ms) 

phenotype 2 (NAFLD_M) : 
  0.01  : Rsq = 0.0139091, MSE = 0.062217, -logLik/N = 0.240163
  0.25  : Rsq = 0.0164349, MSE = 0.0620767, -logLik/N = 0.239215
  0.5   : Rsq = 0.0170977, MSE = 0.0620562, -logLik/N = 0.239098
  0.75  : Rsq = 0.0176913, MSE = 0.0620439, -logLik/N = 0.239031
  0.99  : Rsq = 0.0193911, MSE = 0.0620249, -logLik/N = 0.238697<- min value
  * making predictions...writing LOCO predictions...done (1035ms) 

phenotype 3 (NAFLD_EUR_F) : 
  0.01  : Rsq = 0.0107381, MSE = 0.0651799, -logLik/N = 0.250022
  0.25  : Rsq = 0.012372, MSE = 0.0651019, -logLik/N = 0.24938
  0.5   : Rsq = 0.0127559, MSE = 0.0651054, -logLik/N = 0.249389
  0.75  : Rsq = 0.0130851, MSE = 0.0651177, -logLik/N = 0.249457
  0.99  : Rsq = 0.0143762, MSE = 0.0651309, -logLik/N = 0.249351<- min value
  * making predictions...writing LOCO predictions...done (1021ms) 

phenotype 4 (NAFLD_EUR_M) : 
  0.01  : Rsq = 0.0115314, MSE = 0.0620198, -logLik/N = 0.240092
  0.25  : Rsq = 0.0136845, MSE = 0.061917, -logLik/N = 0.239223
  0.5   : Rsq = 0.0144614, MSE = 0.0618957, -logLik/N = 0.239019
  0.75  : Rsq = 0.015194, MSE = 0.061885, -logLik/N = 0.238855
  0.99  : Rsq = 0.0174609, MSE = 0.0618738, -logLik/N = 0.238299<- min value
  * making predictions...writing LOCO predictions...done (1023ms) 

phenotype 5 (NAFLD_AFR_F) : 
  0.01  : Rsq = 0.0246068, MSE = 0.0508766, -logLik/N = 0.201415
  0.25  : Rsq = 0.0516868, MSE = 0.0495387, -logLik/N = 0.192107
  0.5   : Rsq = 0.0577769, MSE = 0.0495965, -logLik/N = 0.190817
  0.75  : Rsq = 0.0631221, MSE = 0.0499933, -logLik/N = 0.190659<- min value
  0.99  : Rsq = 0.0722268, MSE = 0.052696, -logLik/N = 0.196478
  * making predictions...writing LOCO predictions...done (695ms) 

phenotype 6 (NAFLD_AFR_M) : 
  0.01  : Rsq = 0.0195505, MSE = 0.0441217, -logLik/N = 0.182736
  0.25  : Rsq = 0.0368392, MSE = 0.0433681, -logLik/N = 0.17472
  0.5   : Rsq = 0.0407174, MSE = 0.0436478, -logLik/N = 0.172985
  0.75  : Rsq = 0.0477479, MSE = 0.0443899, -logLik/N = 0.171863<- min value
  0.99  : Rsq = 0.0844336, MSE = 0.0471066, -logLik/N = 0.174964
  * making predictions...writing LOCO predictions...done (685ms) 

phenotype 7 (NAFLD_AMR_F) : 
  0.01  : Rsq = 0.0488421, MSE = 0.0995489, -logLik/N = 0.340113
  0.25  : Rsq = 0.211321, MSE = 0.0838952, -logLik/N = 0.287895
  0.5   : Rsq = 0.249195, MSE = 0.0803111, -logLik/N = 0.276462<- min value
  0.75  : Rsq = 0.254897, MSE = 0.0843839, -logLik/N = 0.283744
  0.99  : Rsq = 0.186202, MSE = 0.155789, -logLik/N = 0.503055
  * making predictions...writing LOCO predictions...done (658ms) 

phenotype 8 (NAFLD_AMR_M) : 
  0.01  : Rsq = 0.0827762, MSE = 0.103451, -logLik/N = 0.342725
  0.25  : Rsq = 0.252093, MSE = 0.0863208, -logLik/N = 0.290382
  0.5   : Rsq = 0.289462, MSE = 0.0817878, -logLik/N = 0.277678<- min value
  0.75  : Rsq = 0.276822, MSE = 0.0912367, -logLik/N = 0.299895
  0.99  : Rsq = 0.162696, MSE = 0.196657, -logLik/N = 0.658675
  * making predictions...writing LOCO predictions...done (648ms) 

phenotype 9 (NAFLD_CSA_F) : 
  0.01  : Rsq = 0.0625099, MSE = 0.0593545, -logLik/N = 0.216863
  0.25  : Rsq = 0.154971, MSE = 0.0536418, -logLik/N = 0.194105
  0.5   : Rsq = 0.182449, MSE = 0.0528462, -logLik/N = 0.189088<- min value
  0.75  : Rsq = 0.193446, MSE = 0.0566752, -logLik/N = 0.197431
  0.99  : Rsq = 0.166273, MSE = 0.105214, -logLik/N = 0.333823
  * making predictions...writing LOCO predictions...done (674ms) 

phenotype 10 (NAFLD_CSA_M) : 
  0.01  : Rsq = 0.0940567, MSE = 0.0595498, -logLik/N = 0.220838
  0.25  : Rsq = 0.152469, MSE = 0.0558488, -logLik/N = 0.204604
  0.5   : Rsq = 0.186966, MSE = 0.0537053, -logLik/N = 0.197487
  0.75  : Rsq = 0.21534, MSE = 0.0534556, -logLik/N = 0.196875<- min value
  0.99  : Rsq = 0.216358, MSE = 0.0784967, -logLik/N = 0.266141
  * making predictions...writing LOCO predictions...done (676ms) 

phenotype 11 (NAFLD_EAS_F) : 
  0.01  : Rsq = 0.0379379, MSE = 0.0505438, -logLik/N = 0.197451
  0.25  : Rsq = 0.126325, MSE = 0.046408, -logLik/N = 0.177221
  0.5   : Rsq = 0.155626, MSE = 0.0446833, -logLik/N = 0.170438
  0.75  : Rsq = 0.171535, MSE = 0.0449398, -logLik/N = 0.169236<- min value
  0.99  : Rsq = 0.201328, MSE = 0.0553348, -logLik/N = 0.196
  * making predictions...writing LOCO predictions...done (675ms) 

phenotype 12 (NAFLD_EAS_M) : 
  0.01  : Rsq = 0.0620303, MSE = 0.0703001, -logLik/N = 0.251334
  0.25  : Rsq = 0.188338, MSE = 0.0615756, -logLik/N = 0.218072
  0.5   : Rsq = 0.208668, MSE = 0.0599661, -logLik/N = 0.212655<- min value
  0.75  : Rsq = 0.208847, MSE = 0.0624466, -logLik/N = 0.218479
  0.99  : Rsq = 0.20987, MSE = 0.0918667, -logLik/N = 0.310167
  * making predictions...writing LOCO predictions...done (671ms) 

phenotype 13 (NAFLD_WAS_F) : 
  0.01  : Rsq = 0.025984, MSE = 0.0520572, -logLik/N = 0.206077
  0.25  : Rsq = 0.0969685, MSE = 0.0484475, -logLik/N = 0.18901
  0.5   : Rsq = 0.114879, MSE = 0.0477427, -logLik/N = 0.186387<- min value
  0.75  : Rsq = 0.123637, MSE = 0.0486987, -logLik/N = 0.188287
  0.99  : Rsq = 0.141391, MSE = 0.0596697, -logLik/N = 0.211814
  * making predictions...writing LOCO predictions...done (674ms) 

phenotype 14 (NAFLD_WAS_M) : 
  0.01  : Rsq = 0.0451811, MSE = 0.0749611, -logLik/N = 0.273118
  0.25  : Rsq = 0.117796, MSE = 0.06944, -logLik/N = 0.250551<- min value
  0.5   : Rsq = 0.120666, MSE = 0.0699269, -logLik/N = 0.251713
  0.75  : Rsq = 0.127112, MSE = 0.0710621, -logLik/N = 0.254667
  0.99  : Rsq = 0.131294, MSE = 0.0815467, -logLik/N = 0.281761
  * making predictions...writing LOCO predictions...done (725ms) 

List of blup files written to: [mgi_nafld_by_sex_step1_out_pred.list]

Elapsed time : 940.096s
End time: Mon Feb 26 07:05:23 2024

